# Logfile created on 2014-03-01 14:07:49 -0500 by logger.rb/44203
I, [2014-03-01T14:07:49.670202 #40090]  INFO -- : 0:  i18n (0.6.9) from /Users/danielfenjves/.rvm/gems/ruby-2.1.0/specifications/i18n-0.6.9.gemspec
I, [2014-03-01T14:07:49.670441 #40090]  INFO -- : 0:  minitest (4.7.5) from /Users/danielfenjves/.rvm/rubies/ruby-2.1.0/lib/ruby/gems/2.1.0/specifications/default/minitest-4.7.5.gemspec
I, [2014-03-01T14:07:49.670645 #40090]  INFO -- : 0:  multi_json (1.8.4) from /Users/danielfenjves/.rvm/gems/ruby-2.1.0/specifications/multi_json-1.8.4.gemspec
I, [2014-03-01T14:07:49.670847 #40090]  INFO -- : 0:  atomic (1.1.15) from /Users/danielfenjves/.rvm/gems/ruby-2.1.0/specifications/atomic-1.1.15.gemspec
I, [2014-03-01T14:07:49.671043 #40090]  INFO -- : 0:  thread_safe (0.2.0) from /Users/danielfenjves/.rvm/gems/ruby-2.1.0/specifications/thread_safe-0.2.0.gemspec
I, [2014-03-01T14:07:49.671237 #40090]  INFO -- : 0:  tzinfo (0.3.38) from /Users/danielfenjves/.rvm/gems/ruby-2.1.0/specifications/tzinfo-0.3.38.gemspec
I, [2014-03-01T14:07:49.671431 #40090]  INFO -- : 0:  activesupport (4.0.3) from /Users/danielfenjves/.rvm/gems/ruby-2.1.0/specifications/activesupport-4.0.3.gemspec
I, [2014-03-01T14:07:49.671613 #40090]  INFO -- : 0:  builder (3.1.4) from /Users/danielfenjves/.rvm/gems/ruby-2.1.0/specifications/builder-3.1.4.gemspec
I, [2014-03-01T14:07:49.671807 #40090]  INFO -- : 0:  activemodel (4.0.3) from /Users/danielfenjves/.rvm/gems/ruby-2.1.0/specifications/activemodel-4.0.3.gemspec
I, [2014-03-01T14:07:49.671999 #40090]  INFO -- : 0:  activerecord-deprecated_finders (1.0.3) from /Users/danielfenjves/.rvm/gems/ruby-2.1.0/specifications/activerecord-deprecated_finders-1.0.3.gemspec
I, [2014-03-01T14:07:49.672192 #40090]  INFO -- : 0:  arel (4.0.2) from /Users/danielfenjves/.rvm/gems/ruby-2.1.0/specifications/arel-4.0.2.gemspec
I, [2014-03-01T14:07:49.672389 #40090]  INFO -- : 0:  activerecord (4.0.3) from /Users/danielfenjves/.rvm/gems/ruby-2.1.0/specifications/activerecord-4.0.3.gemspec
I, [2014-03-01T14:07:49.672584 #40090]  INFO -- : 0:  backports (3.6.0) from /Users/danielfenjves/.rvm/gems/ruby-2.1.0/specifications/backports-3.6.0.gemspec
I, [2014-03-01T14:07:49.672764 #40090]  INFO -- : 0:  coderay (1.1.0) from /Users/danielfenjves/.rvm/gems/ruby-2.1.0/specifications/coderay-1.1.0.gemspec
I, [2014-03-01T14:07:49.672955 #40090]  INFO -- : 0:  method_source (0.8.2) from /Users/danielfenjves/.rvm/gems/ruby-2.1.0/specifications/method_source-0.8.2.gemspec
I, [2014-03-01T14:07:49.673145 #40090]  INFO -- : 0:  slop (3.4.7) from /Users/danielfenjves/.rvm/gems/ruby-2.1.0/specifications/slop-3.4.7.gemspec
I, [2014-03-01T14:07:49.673340 #40090]  INFO -- : 0:  pry (0.9.12.6) from /Users/danielfenjves/.rvm/gems/ruby-2.1.0/specifications/pry-0.9.12.6.gemspec
I, [2014-03-01T14:07:49.673532 #40090]  INFO -- : 0:  rack (1.5.2) from /Users/danielfenjves/.rvm/gems/ruby-2.1.0/specifications/rack-1.5.2.gemspec
I, [2014-03-01T14:07:49.673728 #40090]  INFO -- : 0:  rack-protection (1.5.2) from /Users/danielfenjves/.rvm/gems/ruby-2.1.0/specifications/rack-protection-1.5.2.gemspec
I, [2014-03-01T14:07:49.673908 #40090]  INFO -- : 0:  rack-test (0.6.2) from /Users/danielfenjves/.rvm/gems/ruby-2.1.0/specifications/rack-test-0.6.2.gemspec
I, [2014-03-01T14:07:49.674103 #40090]  INFO -- : 0:  tilt (1.4.1) from /Users/danielfenjves/.rvm/gems/ruby-2.1.0/specifications/tilt-1.4.1.gemspec
I, [2014-03-01T14:07:49.674299 #40090]  INFO -- : 0:  sinatra (1.4.4) from /Users/danielfenjves/.rvm/gems/ruby-2.1.0/specifications/sinatra-1.4.4.gemspec
I, [2014-03-01T14:07:49.674493 #40090]  INFO -- : 0:  sinatra-contrib (1.4.2) from /Users/danielfenjves/.rvm/gems/ruby-2.1.0/specifications/sinatra-contrib-1.4.2.gemspec
I, [2014-03-01T14:07:49.674684 #40090]  INFO -- : 0:  sinatra-reloader (1.0) from /Users/danielfenjves/.rvm/gems/ruby-2.1.0/specifications/sinatra-reloader-1.0.gemspec
I, [2014-03-01T14:07:49.674878 #40090]  INFO -- : 0:  sqlite3 (1.3.9) from /Users/danielfenjves/.rvm/gems/ruby-2.1.0/specifications/sqlite3-1.3.9.gemspec
I, [2014-03-01T14:07:49.675051 #40090]  INFO -- : 0:  bundler (1.5.1) from /Users/danielfenjves/.rvm/gems/ruby-2.1.0@global/specifications/bundler-1.5.1.gemspec
I, [2014-03-01T14:18:51.139861 #40140]  INFO -- : 0:  i18n (0.6.9) from /Users/danielfenjves/.rvm/gems/ruby-2.1.0/specifications/i18n-0.6.9.gemspec
I, [2014-03-01T14:18:51.140149 #40140]  INFO -- : 0:  minitest (4.7.5) from /Users/danielfenjves/.rvm/rubies/ruby-2.1.0/lib/ruby/gems/2.1.0/specifications/default/minitest-4.7.5.gemspec
I, [2014-03-01T14:18:51.140347 #40140]  INFO -- : 0:  multi_json (1.8.4) from /Users/danielfenjves/.rvm/gems/ruby-2.1.0/specifications/multi_json-1.8.4.gemspec
I, [2014-03-01T14:18:51.140552 #40140]  INFO -- : 0:  atomic (1.1.15) from /Users/danielfenjves/.rvm/gems/ruby-2.1.0/specifications/atomic-1.1.15.gemspec
I, [2014-03-01T14:18:51.140748 #40140]  INFO -- : 0:  thread_safe (0.2.0) from /Users/danielfenjves/.rvm/gems/ruby-2.1.0/specifications/thread_safe-0.2.0.gemspec
I, [2014-03-01T14:18:51.140948 #40140]  INFO -- : 0:  tzinfo (0.3.38) from /Users/danielfenjves/.rvm/gems/ruby-2.1.0/specifications/tzinfo-0.3.38.gemspec
I, [2014-03-01T14:18:51.141152 #40140]  INFO -- : 0:  activesupport (4.0.3) from /Users/danielfenjves/.rvm/gems/ruby-2.1.0/specifications/activesupport-4.0.3.gemspec
I, [2014-03-01T14:18:51.141342 #40140]  INFO -- : 0:  builder (3.1.4) from /Users/danielfenjves/.rvm/gems/ruby-2.1.0/specifications/builder-3.1.4.gemspec
I, [2014-03-01T14:18:51.141536 #40140]  INFO -- : 0:  activemodel (4.0.3) from /Users/danielfenjves/.rvm/gems/ruby-2.1.0/specifications/activemodel-4.0.3.gemspec
I, [2014-03-01T14:18:51.141732 #40140]  INFO -- : 0:  activerecord-deprecated_finders (1.0.3) from /Users/danielfenjves/.rvm/gems/ruby-2.1.0/specifications/activerecord-deprecated_finders-1.0.3.gemspec
I, [2014-03-01T14:18:51.141916 #40140]  INFO -- : 0:  arel (4.0.2) from /Users/danielfenjves/.rvm/gems/ruby-2.1.0/specifications/arel-4.0.2.gemspec
I, [2014-03-01T14:18:51.142109 #40140]  INFO -- : 0:  activerecord (4.0.3) from /Users/danielfenjves/.rvm/gems/ruby-2.1.0/specifications/activerecord-4.0.3.gemspec
I, [2014-03-01T14:18:51.142303 #40140]  INFO -- : 0:  backports (3.6.0) from /Users/danielfenjves/.rvm/gems/ruby-2.1.0/specifications/backports-3.6.0.gemspec
I, [2014-03-01T14:18:51.142493 #40140]  INFO -- : 0:  coderay (1.1.0) from /Users/danielfenjves/.rvm/gems/ruby-2.1.0/specifications/coderay-1.1.0.gemspec
I, [2014-03-01T14:18:51.142683 #40140]  INFO -- : 0:  json (1.8.1) from /Users/danielfenjves/.rvm/rubies/ruby-2.1.0/lib/ruby/gems/2.1.0/specifications/default/json-1.8.1.gemspec
I, [2014-03-01T14:18:51.142873 #40140]  INFO -- : 0:  method_source (0.8.2) from /Users/danielfenjves/.rvm/gems/ruby-2.1.0/specifications/method_source-0.8.2.gemspec
I, [2014-03-01T14:18:51.829245 #40140]  INFO -- : 0:  oauth (0.4.7) from /Users/danielfenjves/.rvm/gems/ruby-2.1.0/specifications/oauth-0.4.7.gemspec
I, [2014-03-01T14:18:51.829497 #40140]  INFO -- : 0:  slop (3.4.7) from /Users/danielfenjves/.rvm/gems/ruby-2.1.0/specifications/slop-3.4.7.gemspec
I, [2014-03-01T14:18:51.829685 #40140]  INFO -- : 0:  pry (0.9.12.6) from /Users/danielfenjves/.rvm/gems/ruby-2.1.0/specifications/pry-0.9.12.6.gemspec
I, [2014-03-01T14:18:51.829865 #40140]  INFO -- : 0:  rack (1.5.2) from /Users/danielfenjves/.rvm/gems/ruby-2.1.0/specifications/rack-1.5.2.gemspec
I, [2014-03-01T14:18:51.830046 #40140]  INFO -- : 0:  rack-protection (1.5.2) from /Users/danielfenjves/.rvm/gems/ruby-2.1.0/specifications/rack-protection-1.5.2.gemspec
I, [2014-03-01T14:18:51.830225 #40140]  INFO -- : 0:  rack-test (0.6.2) from /Users/danielfenjves/.rvm/gems/ruby-2.1.0/specifications/rack-test-0.6.2.gemspec
I, [2014-03-01T14:18:51.830410 #40140]  INFO -- : 0:  tilt (1.4.1) from /Users/danielfenjves/.rvm/gems/ruby-2.1.0/specifications/tilt-1.4.1.gemspec
I, [2014-03-01T14:18:51.830584 #40140]  INFO -- : 0:  sinatra (1.4.4) from /Users/danielfenjves/.rvm/gems/ruby-2.1.0/specifications/sinatra-1.4.4.gemspec
I, [2014-03-01T14:18:51.830764 #40140]  INFO -- : 0:  sinatra-contrib (1.4.2) from /Users/danielfenjves/.rvm/gems/ruby-2.1.0/specifications/sinatra-contrib-1.4.2.gemspec
I, [2014-03-01T14:18:51.830950 #40140]  INFO -- : 0:  sinatra-reloader (1.0) from /Users/danielfenjves/.rvm/gems/ruby-2.1.0/specifications/sinatra-reloader-1.0.gemspec
I, [2014-03-01T14:18:51.831124 #40140]  INFO -- : 0:  sqlite3 (1.3.9) from /Users/danielfenjves/.rvm/gems/ruby-2.1.0/specifications/sqlite3-1.3.9.gemspec
I, [2014-03-01T14:18:53.334106 #40140]  INFO -- : 0:  yelpster (1.2.0) from /Users/danielfenjves/.rvm/gems/ruby-2.1.0/specifications/yelpster-1.2.0.gemspec
I, [2014-03-01T14:18:53.334391 #40140]  INFO -- : 0:  bundler (1.5.1) from /Users/danielfenjves/.rvm/gems/ruby-2.1.0@global/specifications/bundler-1.5.1.gemspec
I, [2014-03-01T16:49:37.118738 #40285]  INFO -- : 0:  i18n (0.6.9) from /Users/danielfenjves/.rvm/gems/ruby-2.1.0/specifications/i18n-0.6.9.gemspec
I, [2014-03-01T16:49:37.120034 #40285]  INFO -- : 0:  minitest (4.7.5) from /Users/danielfenjves/.rvm/rubies/ruby-2.1.0/lib/ruby/gems/2.1.0/specifications/default/minitest-4.7.5.gemspec
I, [2014-03-01T16:49:37.120279 #40285]  INFO -- : 0:  multi_json (1.8.4) from /Users/danielfenjves/.rvm/gems/ruby-2.1.0/specifications/multi_json-1.8.4.gemspec
I, [2014-03-01T16:49:37.120488 #40285]  INFO -- : 0:  atomic (1.1.15) from /Users/danielfenjves/.rvm/gems/ruby-2.1.0/specifications/atomic-1.1.15.gemspec
I, [2014-03-01T16:49:37.120723 #40285]  INFO -- : 0:  thread_safe (0.2.0) from /Users/danielfenjves/.rvm/gems/ruby-2.1.0/specifications/thread_safe-0.2.0.gemspec
I, [2014-03-01T16:49:37.120929 #40285]  INFO -- : 0:  tzinfo (0.3.38) from /Users/danielfenjves/.rvm/gems/ruby-2.1.0/specifications/tzinfo-0.3.38.gemspec
I, [2014-03-01T16:49:37.121103 #40285]  INFO -- : 0:  activesupport (4.0.3) from /Users/danielfenjves/.rvm/gems/ruby-2.1.0/specifications/activesupport-4.0.3.gemspec
I, [2014-03-01T16:49:37.121267 #40285]  INFO -- : 0:  builder (3.1.4) from /Users/danielfenjves/.rvm/gems/ruby-2.1.0/specifications/builder-3.1.4.gemspec
I, [2014-03-01T16:49:37.121429 #40285]  INFO -- : 0:  activemodel (4.0.3) from /Users/danielfenjves/.rvm/gems/ruby-2.1.0/specifications/activemodel-4.0.3.gemspec
I, [2014-03-01T16:49:37.121623 #40285]  INFO -- : 0:  activerecord-deprecated_finders (1.0.3) from /Users/danielfenjves/.rvm/gems/ruby-2.1.0/specifications/activerecord-deprecated_finders-1.0.3.gemspec
I, [2014-03-01T16:49:37.121800 #40285]  INFO -- : 0:  arel (4.0.2) from /Users/danielfenjves/.rvm/gems/ruby-2.1.0/specifications/arel-4.0.2.gemspec
I, [2014-03-01T16:49:37.121969 #40285]  INFO -- : 0:  activerecord (4.0.3) from /Users/danielfenjves/.rvm/gems/ruby-2.1.0/specifications/activerecord-4.0.3.gemspec
I, [2014-03-01T16:49:37.122134 #40285]  INFO -- : 0:  backports (3.6.0) from /Users/danielfenjves/.rvm/gems/ruby-2.1.0/specifications/backports-3.6.0.gemspec
I, [2014-03-01T16:49:37.122311 #40285]  INFO -- : 0:  coderay (1.1.0) from /Users/danielfenjves/.rvm/gems/ruby-2.1.0/specifications/coderay-1.1.0.gemspec
I, [2014-03-01T16:49:37.122522 #40285]  INFO -- : 0:  json (1.8.1) from /Users/danielfenjves/.rvm/rubies/ruby-2.1.0/lib/ruby/gems/2.1.0/specifications/default/json-1.8.1.gemspec
I, [2014-03-01T16:49:37.122743 #40285]  INFO -- : 0:  method_source (0.8.2) from /Users/danielfenjves/.rvm/gems/ruby-2.1.0/specifications/method_source-0.8.2.gemspec
I, [2014-03-01T16:49:37.122943 #40285]  INFO -- : 0:  oauth (0.4.7) from /Users/danielfenjves/.rvm/gems/ruby-2.1.0/specifications/oauth-0.4.7.gemspec
I, [2014-03-01T16:49:37.123141 #40285]  INFO -- : 0:  slop (3.4.7) from /Users/danielfenjves/.rvm/gems/ruby-2.1.0/specifications/slop-3.4.7.gemspec
I, [2014-03-01T16:49:37.123333 #40285]  INFO -- : 0:  pry (0.9.12.6) from /Users/danielfenjves/.rvm/gems/ruby-2.1.0/specifications/pry-0.9.12.6.gemspec
I, [2014-03-01T16:49:37.123527 #40285]  INFO -- : 0:  rack (1.5.2) from /Users/danielfenjves/.rvm/gems/ruby-2.1.0/specifications/rack-1.5.2.gemspec
I, [2014-03-01T16:49:37.123718 #40285]  INFO -- : 0:  rack-protection (1.5.2) from /Users/danielfenjves/.rvm/gems/ruby-2.1.0/specifications/rack-protection-1.5.2.gemspec
I, [2014-03-01T16:49:37.123917 #40285]  INFO -- : 0:  rack-test (0.6.2) from /Users/danielfenjves/.rvm/gems/ruby-2.1.0/specifications/rack-test-0.6.2.gemspec
I, [2014-03-01T16:49:37.124129 #40285]  INFO -- : 0:  tilt (1.4.1) from /Users/danielfenjves/.rvm/gems/ruby-2.1.0/specifications/tilt-1.4.1.gemspec
I, [2014-03-01T16:49:37.124349 #40285]  INFO -- : 0:  sinatra (1.4.4) from /Users/danielfenjves/.rvm/gems/ruby-2.1.0/specifications/sinatra-1.4.4.gemspec
I, [2014-03-01T16:49:37.124560 #40285]  INFO -- : 0:  sinatra-contrib (1.4.2) from /Users/danielfenjves/.rvm/gems/ruby-2.1.0/specifications/sinatra-contrib-1.4.2.gemspec
I, [2014-03-01T16:49:37.124752 #40285]  INFO -- : 0:  sinatra-reloader (1.0) from /Users/danielfenjves/.rvm/gems/ruby-2.1.0/specifications/sinatra-reloader-1.0.gemspec
I, [2014-03-01T16:49:37.124960 #40285]  INFO -- : 0:  sqlite3 (1.3.9) from /Users/danielfenjves/.rvm/gems/ruby-2.1.0/specifications/sqlite3-1.3.9.gemspec
I, [2014-03-01T16:49:37.125154 #40285]  INFO -- : 0:  yelpster (1.2.0) from /Users/danielfenjves/.rvm/gems/ruby-2.1.0/specifications/yelpster-1.2.0.gemspec
I, [2014-03-01T16:49:37.125340 #40285]  INFO -- : 0:  bundler (1.5.1) from /Users/danielfenjves/.rvm/gems/ruby-2.1.0@global/specifications/bundler-1.5.1.gemspec
I, [2014-03-01T17:31:29.011297 #40675]  INFO -- : 0:  coderay (1.1.0) from /Users/danielfenjves/.rvm/gems/ruby-2.1.0/specifications/coderay-1.1.0.gemspec
I, [2014-03-01T17:31:29.011551 #40675]  INFO -- : 0:  json (1.8.1) from /Users/danielfenjves/.rvm/rubies/ruby-2.1.0/lib/ruby/gems/2.1.0/specifications/default/json-1.8.1.gemspec
I, [2014-03-01T17:31:29.011727 #40675]  INFO -- : 0:  method_source (0.8.2) from /Users/danielfenjves/.rvm/gems/ruby-2.1.0/specifications/method_source-0.8.2.gemspec
I, [2014-03-01T17:31:29.011896 #40675]  INFO -- : 0:  slop (3.4.7) from /Users/danielfenjves/.rvm/gems/ruby-2.1.0/specifications/slop-3.4.7.gemspec
I, [2014-03-01T17:31:29.012111 #40675]  INFO -- : 0:  pry (0.9.12.6) from /Users/danielfenjves/.rvm/gems/ruby-2.1.0/specifications/pry-0.9.12.6.gemspec
I, [2014-03-01T17:31:29.012321 #40675]  INFO -- : 0:  bundler (1.5.1) from /Users/danielfenjves/.rvm/gems/ruby-2.1.0@global/specifications/bundler-1.5.1.gemspec
I, [2014-03-01T18:35:31.345401 #41159]  INFO -- : 0:  coderay (1.1.0) from /Users/danielfenjves/.rvm/gems/ruby-2.1.0/specifications/coderay-1.1.0.gemspec
I, [2014-03-01T18:35:31.346007 #41159]  INFO -- : 0:  method_source (0.8.2) from /Users/danielfenjves/.rvm/gems/ruby-2.1.0/specifications/method_source-0.8.2.gemspec
I, [2014-03-01T18:35:31.346194 #41159]  INFO -- : 0:  slop (3.4.7) from /Users/danielfenjves/.rvm/gems/ruby-2.1.0/specifications/slop-3.4.7.gemspec
I, [2014-03-01T18:35:31.346388 #41159]  INFO -- : 0:  pry (0.9.12.6) from /Users/danielfenjves/.rvm/gems/ruby-2.1.0/specifications/pry-0.9.12.6.gemspec
I, [2014-03-01T18:35:31.346559 #41159]  INFO -- : 0:  bundler (1.5.1) from /Users/danielfenjves/.rvm/gems/ruby-2.1.0@global/specifications/bundler-1.5.1.gemspec
I, [2014-03-02T13:39:05.077155 #41902]  INFO -- : 0:  coderay (1.1.0) from /Users/danielfenjves/.rvm/gems/ruby-2.1.0/specifications/coderay-1.1.0.gemspec
I, [2014-03-02T13:39:05.077704 #41902]  INFO -- : 0:  method_source (0.8.2) from /Users/danielfenjves/.rvm/gems/ruby-2.1.0/specifications/method_source-0.8.2.gemspec
I, [2014-03-02T13:39:05.077903 #41902]  INFO -- : 0:  slop (3.4.7) from /Users/danielfenjves/.rvm/gems/ruby-2.1.0/specifications/slop-3.4.7.gemspec
I, [2014-03-02T13:39:05.078114 #41902]  INFO -- : 0:  pry (0.9.12.6) from /Users/danielfenjves/.rvm/gems/ruby-2.1.0/specifications/pry-0.9.12.6.gemspec
I, [2014-03-02T13:39:05.078314 #41902]  INFO -- : 0:  bundler (1.5.1) from /Users/danielfenjves/.rvm/gems/ruby-2.1.0@global/specifications/bundler-1.5.1.gemspec
I, [2014-03-02T13:46:49.720967 #41948]  INFO -- : 0:  coderay (1.1.0) from /Users/danielfenjves/.rvm/gems/ruby-2.1.0/specifications/coderay-1.1.0.gemspec
I, [2014-03-02T13:46:49.721223 #41948]  INFO -- : 0:  method_source (0.8.2) from /Users/danielfenjves/.rvm/gems/ruby-2.1.0/specifications/method_source-0.8.2.gemspec
I, [2014-03-02T13:46:49.721442 #41948]  INFO -- : 0:  slop (3.4.7) from /Users/danielfenjves/.rvm/gems/ruby-2.1.0/specifications/slop-3.4.7.gemspec
I, [2014-03-02T13:46:49.721683 #41948]  INFO -- : 0:  pry (0.9.12.6) from /Users/danielfenjves/.rvm/gems/ruby-2.1.0/specifications/pry-0.9.12.6.gemspec
I, [2014-03-02T13:46:49.721875 #41948]  INFO -- : 0:  bundler (1.5.1) from /Users/danielfenjves/.rvm/gems/ruby-2.1.0@global/specifications/bundler-1.5.1.gemspec
I, [2014-03-02T13:46:51.043589 #41952]  INFO -- : 0:  coderay (1.1.0) from /Users/danielfenjves/.rvm/gems/ruby-2.1.0/specifications/coderay-1.1.0.gemspec
I, [2014-03-02T13:46:51.043858 #41952]  INFO -- : 0:  method_source (0.8.2) from /Users/danielfenjves/.rvm/gems/ruby-2.1.0/specifications/method_source-0.8.2.gemspec
I, [2014-03-02T13:46:51.044068 #41952]  INFO -- : 0:  slop (3.4.7) from /Users/danielfenjves/.rvm/gems/ruby-2.1.0/specifications/slop-3.4.7.gemspec
I, [2014-03-02T13:46:51.044304 #41952]  INFO -- : 0:  pry (0.9.12.6) from /Users/danielfenjves/.rvm/gems/ruby-2.1.0/specifications/pry-0.9.12.6.gemspec
I, [2014-03-02T13:46:51.044465 #41952]  INFO -- : 0:  bundler (1.5.1) from /Users/danielfenjves/.rvm/gems/ruby-2.1.0@global/specifications/bundler-1.5.1.gemspec
